Removed Pin From Net: NetName=CANH Pin=P4-1
Removed Pin From Net: NetName=CANL Pin=P4-2
Removed Pin From Net: NetName=+12V Pin=P4-5
Removed Pin From Net: NetName=+12V Pin=P4-6
Removed Pin From Net: NetName=GND Pin=P4-7
Removed Pin From Net: NetName=GND Pin=P4-8
Removed Pin From Net: NetName=CANH Pin=R10-1
Removed Pin From Net: NetName=CANL Pin=R10-2
Removed Pin From Net: NetName=CANH Pin=R11-1
Removed Pin From Net: NetName=CANL Pin=R11-2
Added Pin To Net: NetName=+12V Pin=P4-1
Added Pin To Net: NetName=+12V Pin=P4-2
Added Pin To Net: NetName=GND Pin=P4-5
Added Pin To Net: NetName=GND Pin=P4-6
Added Pin To Net: NetName=CANL Pin=P4-7
Added Pin To Net: NetName=CANH Pin=P4-8
Added Pin To Net: NetName=CANL Pin=R10-1
Added Pin To Net: NetName=CANH Pin=R10-2
Added Pin To Net: NetName=CANL Pin=R11-1
Added Pin To Net: NetName=CANH Pin=R11-2
