Removed Pin From Net: NetName=Solar2 Pin=P3-3
Removed Pin From Net: NetName=+12V Pin=P3-5
Removed Pin From Net: NetName=+12V Pin=P4-1
Removed Pin From Net: NetName=+12V Pin=P4-2
Removed Pin From Net: NetName=GND Pin=P4-5
Removed Pin From Net: NetName=GND Pin=P4-6
Removed Pin From Net: NetName=CANL Pin=P4-7
Removed Pin From Net: NetName=CANH Pin=P4-8
Removed Pin From Net: NetName=+12V Pin=P5-5
Removed Pin From Net: NetName=+12V Pin=P6-5
Added Component: Designator=R12(0603Res)
Add component. Clean all parameters for all variants
Add component (AddParameter): Name = "Climatic Category"; Value = "55/125/55"; VariantName = "[No Variations]"
Add component (AddParameter): Name = "ComponentLink1Description"; Value = "https://datasheet.ciiva.com/24494/29261eng-ds-1773200-f-24494553.pdf"; VariantName = "[No Variations]"
Add component (AddParameter): Name = "ComponentLink1URL"; Value = "https://datasheet.ciiva.com/24494/29261eng-ds-1773200-f-24494553.pdf"; VariantName = "[No Variations]"
Add component (AddParameter): Name = "ComponentLink2Description"; Value = "https://datasheet.ciiva.com/7789/eng-ds-1773200-j-7789563.pdf"; VariantName = "[No Variations]"
Add component (AddParameter): Name = "ComponentLink2URL"; Value = "https://datasheet.ciiva.com/7789/eng-ds-1773200-j-7789563.pdf"; VariantName = "[No Variations]"
Add component (AddParameter): Name = "ComponentLink3Description"; Value = "https://datasheet.ciiva.com/16902/eng-ds-1773200-i-16902044.pdf"; VariantName = "[No Variations]"
Add component (AddParameter): Name = "ComponentLink3URL"; Value = "https://datasheet.ciiva.com/16902/eng-ds-1773200-i-16902044.pdf"; VariantName = "[No Variations]"
Add component (AddParameter): Name = "ComponentLink4Description"; Value = "https://datasheet.ciiva.com/22692/1786775-22692861.pdf"; VariantName = "[No Variations]"
Add component (AddParameter): Name = "ComponentLink4URL"; Value = "https://datasheet.ciiva.com/22692/1786775-22692861.pdf"; VariantName = "[No Variations]"
Add component (AddParameter): Name = "External Depth"; Value = "0.45mm"; VariantName = "[No Variations]"
Add component (AddParameter): Name = "External Length / Height"; Value = "1.6mm"; VariantName = "[No Variations]"
Add component (AddParameter): Name = "External Width"; Value = "0.8mm"; VariantName = "[No Variations]"
Add component (AddParameter): Name = "Manufacturer"; Value = "TE Connectivity Neohm"; VariantName = "[No Variations]"
Add component (AddParameter): Name = "Manufacturer Part Number"; Value = "CPF0603F10KC1"; VariantName = "[No Variations]"
Add component (AddParameter): Name = "MSL"; Value = "(Not Available)"; VariantName = "[No Variations]"
Add component (AddParameter): Name = "No. of Pins"; Value = "2"; VariantName = "[No Variations]"
Add component (AddParameter): Name = "Operating Temperature Max"; Value = "125°C"; VariantName = "[No Variations]"
Add component (AddParameter): Name = "Operating Temperature Min"; Value = "-55°C"; VariantName = "[No Variations]"
Add component (AddParameter): Name = "Operating Temperature Range"; Value = "-55°C to +125°C"; VariantName = "[No Variations]"
Add component (AddParameter): Name = "Overload Voltage"; Value = "120V"; VariantName = "[No Variations]"
Add component (AddParameter): Name = "Package / Case"; Value = "0603"; VariantName = "[No Variations]"
Add component (AddParameter): Name = "Packaging"; Value = "Cut Tape"; VariantName = "[No Variations]"
Add component (AddParameter): Name = "Power Rating"; Value = "63mW"; VariantName = "[No Variations]"
Add component (AddParameter): Name = "Product Range"; Value = "TE CONNECTIVITY - CPF Series"; VariantName = "[No Variations]"
Add component (AddParameter): Name = "Resistance"; Value = "10kohm"; VariantName = "[No Variations]"
Add component (AddParameter): Name = "Resistance Tolerance"; Value = "± 1%"; VariantName = "[No Variations]"
Add component (AddParameter): Name = "Resistor Case Style"; Value = "0603 [1608 Metric]"; VariantName = "[No Variations]"
Add component (AddParameter): Name = "Resistor Element Material"; Value = "Thin Film"; VariantName = "[No Variations]"
Add component (AddParameter): Name = "Resistor Element Type"; Value = "Thin Film"; VariantName = "[No Variations]"
Add component (AddParameter): Name = "Resistor Mounting"; Value = "SMD"; VariantName = "[No Variations]"
Add component (AddParameter): Name = "Series"; Value = "CPF"; VariantName = "[No Variations]"
Add component (AddParameter): Name = "Stock 1"; Value = "0"; VariantName = "[No Variations]"
Add component (AddParameter): Name = "Supplier 1"; Value = "Farnell"; VariantName = "[No Variations]"
Add component (AddParameter): Name = "Supplier Part Number 1"; Value = "1527581RL"; VariantName = "[No Variations]"
Add component (AddParameter): Name = "SVHC"; Value = "To Be Advised"; VariantName = "[No Variations]"
Add component (AddParameter): Name = "Temperature Coefficient"; Value = "± 50ppm/°C"; VariantName = "[No Variations]"
Add component (AddParameter): Name = "Voltage Rating"; Value = "60V"; VariantName = "[No Variations]"
Added Component: Designator=R13(0603Res)
Add component. Clean all parameters for all variants
Add component (AddParameter): Name = "Climatic Category"; Value = "55/125/55"; VariantName = "[No Variations]"
Add component (AddParameter): Name = "ComponentLink1Description"; Value = "https://datasheet.ciiva.com/24494/29261eng-ds-1773200-f-24494553.pdf"; VariantName = "[No Variations]"
Add component (AddParameter): Name = "ComponentLink1URL"; Value = "https://datasheet.ciiva.com/24494/29261eng-ds-1773200-f-24494553.pdf"; VariantName = "[No Variations]"
Add component (AddParameter): Name = "ComponentLink2Description"; Value = "https://datasheet.ciiva.com/7789/eng-ds-1773200-j-7789563.pdf"; VariantName = "[No Variations]"
Add component (AddParameter): Name = "ComponentLink2URL"; Value = "https://datasheet.ciiva.com/7789/eng-ds-1773200-j-7789563.pdf"; VariantName = "[No Variations]"
Add component (AddParameter): Name = "ComponentLink3Description"; Value = "https://datasheet.ciiva.com/16902/eng-ds-1773200-i-16902044.pdf"; VariantName = "[No Variations]"
Add component (AddParameter): Name = "ComponentLink3URL"; Value = "https://datasheet.ciiva.com/16902/eng-ds-1773200-i-16902044.pdf"; VariantName = "[No Variations]"
Add component (AddParameter): Name = "ComponentLink4Description"; Value = "https://datasheet.ciiva.com/22692/1786775-22692861.pdf"; VariantName = "[No Variations]"
Add component (AddParameter): Name = "ComponentLink4URL"; Value = "https://datasheet.ciiva.com/22692/1786775-22692861.pdf"; VariantName = "[No Variations]"
Add component (AddParameter): Name = "External Depth"; Value = "0.45mm"; VariantName = "[No Variations]"
Add component (AddParameter): Name = "External Length / Height"; Value = "1.6mm"; VariantName = "[No Variations]"
Add component (AddParameter): Name = "External Width"; Value = "0.8mm"; VariantName = "[No Variations]"
Add component (AddParameter): Name = "Manufacturer"; Value = "TE Connectivity Neohm"; VariantName = "[No Variations]"
Add component (AddParameter): Name = "Manufacturer Part Number"; Value = "CPF0603F10KC1"; VariantName = "[No Variations]"
Add component (AddParameter): Name = "MSL"; Value = "(Not Available)"; VariantName = "[No Variations]"
Add component (AddParameter): Name = "No. of Pins"; Value = "2"; VariantName = "[No Variations]"
Add component (AddParameter): Name = "Operating Temperature Max"; Value = "125°C"; VariantName = "[No Variations]"
Add component (AddParameter): Name = "Operating Temperature Min"; Value = "-55°C"; VariantName = "[No Variations]"
Add component (AddParameter): Name = "Operating Temperature Range"; Value = "-55°C to +125°C"; VariantName = "[No Variations]"
Add component (AddParameter): Name = "Overload Voltage"; Value = "120V"; VariantName = "[No Variations]"
Add component (AddParameter): Name = "Package / Case"; Value = "0603"; VariantName = "[No Variations]"
Add component (AddParameter): Name = "Packaging"; Value = "Cut Tape"; VariantName = "[No Variations]"
Add component (AddParameter): Name = "Power Rating"; Value = "63mW"; VariantName = "[No Variations]"
Add component (AddParameter): Name = "Product Range"; Value = "TE CONNECTIVITY - CPF Series"; VariantName = "[No Variations]"
Add component (AddParameter): Name = "Resistance"; Value = "10kohm"; VariantName = "[No Variations]"
Add component (AddParameter): Name = "Resistance Tolerance"; Value = "± 1%"; VariantName = "[No Variations]"
Add component (AddParameter): Name = "Resistor Case Style"; Value = "0603 [1608 Metric]"; VariantName = "[No Variations]"
Add component (AddParameter): Name = "Resistor Element Material"; Value = "Thin Film"; VariantName = "[No Variations]"
Add component (AddParameter): Name = "Resistor Element Type"; Value = "Thin Film"; VariantName = "[No Variations]"
Add component (AddParameter): Name = "Resistor Mounting"; Value = "SMD"; VariantName = "[No Variations]"
Add component (AddParameter): Name = "Series"; Value = "CPF"; VariantName = "[No Variations]"
Add component (AddParameter): Name = "Stock 1"; Value = "0"; VariantName = "[No Variations]"
Add component (AddParameter): Name = "Supplier 1"; Value = "Farnell"; VariantName = "[No Variations]"
Add component (AddParameter): Name = "Supplier Part Number 1"; Value = "1527581RL"; VariantName = "[No Variations]"
Add component (AddParameter): Name = "SVHC"; Value = "To Be Advised"; VariantName = "[No Variations]"
Add component (AddParameter): Name = "Temperature Coefficient"; Value = "± 50ppm/°C"; VariantName = "[No Variations]"
Add component (AddParameter): Name = "Voltage Rating"; Value = "60V"; VariantName = "[No Variations]"
Added Pin To Net: NetName=+12V Pin=P3-3
Added Pin To Net: NetName=Solar2 Pin=P3-4
Added Pin To Net: NetName=CANH Pin=P4-1
Added Pin To Net: NetName=CANL Pin=P4-2
Added Pin To Net: NetName=+12V Pin=P4-3
Added Pin To Net: NetName=+12V Pin=P4-6
Added Pin To Net: NetName=GND Pin=P4-7
Added Pin To Net: NetName=GND Pin=P4-8
Added Pin To Net: NetName=+12V Pin=P5-3
Added Pin To Net: NetName=+12V Pin=P6-3
Added Pin To Net: NetName=SCL Pin=R12-1
Added Pin To Net: NetName=+3V3 Pin=R12-2
Added Pin To Net: NetName=SDA Pin=R13-1
Added Pin To Net: NetName=+3V3 Pin=R13-2
Change Net Name : Old Net Name=Solar2 New Net Name=Solar1
Added Pin To Net: NetName=Solar2 Pin=P3-5
Added Pin To Net: NetName=Solar2 Pin=P4-5
Added Pin To Net: NetName=Solar2 Pin=P5-5
Added Pin To Net: NetName=Solar2 Pin=P6-5
Added Net: Name=Solar2
Added Member To Class: ClassName=PAGE2 - MCU Member=Component R12 10K
Added Member To Class: ClassName=PAGE2 - MCU Member=Component R13 10K
