Removed Pin From Net: NetName=+3V3 Pin=C5-1
Removed Pin From Net: NetName=+3V3 Pin=C6-2
Removed Pin From Net: NetName=+3V3 Pin=C7-2
Removed Pin From Net: NetName=NetC3_1 Pin=R1-2
Removed Pin From Net: NetName=NetC18_2 Pin=R16-2
Removed Pin From Net: NetName=+3V3 Pin=U1-3
Removed Pin From Net: NetName=+3V3 Pin=U4-4
Removed Pin From Net: NetName=+3V3 Pin=U4-5
Removed Pin From Net: NetName=+3V3 Pin=U4-6
Removed Member From Class: ClassName=PAGE2 - MCU Member=R16
Added Pin To Net: NetName=+3V3 Pin=R1-1
Added Pin To Net: NetName=GND Pin=T7-1
Added Pin To Net: NetName=GND Pin=U1-15
Added Pin To Net: NetName=NetC3_1 Pin=U2-8
Added Pin To Net: NetName=NetC18_2 Pin=U3-8
Added Pin To Net: NetName=NetC5_1 Pin=C5-1
Added Pin To Net: NetName=NetC5_1 Pin=C6-2
Added Pin To Net: NetName=NetC5_1 Pin=C7-2
Added Pin To Net: NetName=NetC5_1 Pin=R1-2
Added Pin To Net: NetName=NetC5_1 Pin=U1-3
Added Net: Name=NetC5_1
Added Pin To Net: NetName=NetR11_2 Pin=U4-4
Added Pin To Net: NetName=NetR11_2 Pin=U4-5
Added Pin To Net: NetName=NetR11_2 Pin=U4-6
Added Net: Name=NetR11_2
